<?xml version="1.0" encoding="UTF-8"?>
<testsuite xmlns:xsi="http://www.w3.org/2001/XMLSchema-instance" xsi:noNamespaceSchemaLocation="https://maven.apache.org/surefire/maven-surefire-plugin/xsd/surefire-test-report.xsd" name="com.flightmanagment.AirportTest" time="0.087" tests="2" errors="0" skipped="0" failures="0">
  <properties>
[...]
</properties>
  <testcase name="testBusinessFlightVipPassenger" classname="com.flightmanagment.AirportTest$BusinessFlightTest" time="0.047"/>
  <testcase name="testEconomyFlightRegularPassenger" classname="com.flightmanagment.AirportTest$EconomyFlightTest" time="0.008"/>
</testsuite>